
> hanami-web@2.0.0 type-check
> tsc --noEmit

src/app/aihome/api/auth/check-tables/route.ts(10,13): error TS2769: No overload matches this call.
  Overload 1 of 2, '(relation: "ai_messages" | "ai_rooms" | "ai_roles" | "ai_rooms_simple" | "ai_usage" | "role_instances" | "chat_messages" | "chat_threads" | "content_library" | "custom_roles" | "food_transactions" | ... 52 more ... | "user_role_settings"): PostgrestQueryBuilder<...>', gave the following error.
    Argument of type '"information_schema.tables"' is not assignable to parameter of type '"ai_messages" | "ai_rooms" | "ai_roles" | "ai_rooms_simple" | "ai_usage" | "role_instances" | "chat_messages" | "chat_threads" | "content_library" | "custom_roles" | "food_transactions" | ... 52 more ... | "user_role_settings"'.
  Overload 2 of 2, '(relation: "available_models" | "saas_learning_progress_overview" | "saas_user_overview" | "hanami_task_stats" | "hanami_user_task_stats" | "payment_statistics" | "saas_character_interaction_stats" | "v_message_queue_stats"): PostgrestQueryBuilder<...>', gave the following error.
    Argument of type '"information_schema.tables"' is not assignable to parameter of type '"available_models" | "saas_learning_progress_overview" | "saas_user_overview" | "hanami_task_stats" | "hanami_user_task_stats" | "payment_statistics" | "saas_character_interaction_stats" | "v_message_queue_stats"'.
src/app/aihome/api/auth/check-tables/route.ts(43,57): error TS2345: Argument of type '"exec_sql"' is not assignable to parameter of type '"calculate_food_cost" | "check_age_access" | "check_rls_status" | "check_room_access" | "check_room_admin" | "check_usage_limit" | "cleanup_orphaned_message_costs" | "create_room_with_member" | ... 34 more ... | "validate_promo_code_unified"'.
src/app/aihome/api/auth/check-tables/route.ts(70,54): error TS2345: Argument of type '"exec_sql"' is not assignable to parameter of type '"calculate_food_cost" | "check_age_access" | "check_rls_status" | "check_room_access" | "check_room_admin" | "check_usage_limit" | "cleanup_orphaned_message_costs" | "create_room_with_member" | ... 34 more ... | "validate_promo_code_unified"'.
src/app/aihome/api/auth/check-tables/route.ts(86,13): error TS2769: No overload matches this call.
  Overload 1 of 2, '(relation: "ai_messages" | "ai_rooms" | "ai_roles" | "ai_rooms_simple" | "ai_usage" | "role_instances" | "chat_messages" | "chat_threads" | "content_library" | "custom_roles" | "food_transactions" | ... 52 more ... | "user_role_settings"): PostgrestQueryBuilder<...>', gave the following error.
    Argument of type '"information_schema.columns"' is not assignable to parameter of type '"ai_messages" | "ai_rooms" | "ai_roles" | "ai_rooms_simple" | "ai_usage" | "role_instances" | "chat_messages" | "chat_threads" | "content_library" | "custom_roles" | "food_transactions" | ... 52 more ... | "user_role_settings"'.
  Overload 2 of 2, '(relation: "available_models" | "saas_learning_progress_overview" | "saas_user_overview" | "hanami_task_stats" | "hanami_user_task_stats" | "payment_statistics" | "saas_character_interaction_stats" | "v_message_queue_stats"): PostgrestQueryBuilder<...>', gave the following error.
    Argument of type '"information_schema.columns"' is not assignable to parameter of type '"available_models" | "saas_learning_progress_overview" | "saas_user_overview" | "hanami_task_stats" | "hanami_user_task_stats" | "payment_statistics" | "saas_character_interaction_stats" | "v_message_queue_stats"'.
src/app/api/chat/room-info/route.ts(99,35): error TS2769: No overload matches this call.
  Overload 1 of 2, '(relation: "ai_messages" | "ai_rooms" | "ai_roles" | "ai_rooms_simple" | "ai_usage" | "role_instances" | "chat_messages" | "chat_threads" | "content_library" | "custom_roles" | "food_transactions" | ... 52 more ... | "user_role_settings"): PostgrestQueryBuilder<...>', gave the following error.
    Argument of type '"role_mind_blocks"' is not assignable to parameter of type '"ai_messages" | "ai_rooms" | "ai_roles" | "ai_rooms_simple" | "ai_usage" | "role_instances" | "chat_messages" | "chat_threads" | "content_library" | "custom_roles" | "food_transactions" | ... 52 more ... | "user_role_settings"'.
  Overload 2 of 2, '(relation: "available_models" | "saas_learning_progress_overview" | "saas_user_overview" | "hanami_task_stats" | "hanami_user_task_stats" | "payment_statistics" | "saas_character_interaction_stats" | "v_message_queue_stats"): PostgrestQueryBuilder<...>', gave the following error.
    Argument of type '"role_mind_blocks"' is not assignable to parameter of type '"available_models" | "saas_learning_progress_overview" | "saas_user_overview" | "hanami_task_stats" | "hanami_user_task_stats" | "payment_statistics" | "saas_character_interaction_stats" | "v_message_queue_stats"'.
src/app/api/chat/room-info/route.ts(112,35): error TS2769: No overload matches this call.
  Overload 1 of 2, '(relation: "ai_messages" | "ai_rooms" | "ai_roles" | "ai_rooms_simple" | "ai_usage" | "role_instances" | "chat_messages" | "chat_threads" | "content_library" | "custom_roles" | "food_transactions" | ... 52 more ... | "user_role_settings"): PostgrestQueryBuilder<...>', gave the following error.
    Argument of type '"mind_blocks"' is not assignable to parameter of type '"ai_messages" | "ai_rooms" | "ai_roles" | "ai_rooms_simple" | "ai_usage" | "role_instances" | "chat_messages" | "chat_threads" | "content_library" | "custom_roles" | "food_transactions" | ... 52 more ... | "user_role_settings"'.
  Overload 2 of 2, '(relation: "available_models" | "saas_learning_progress_overview" | "saas_user_overview" | "hanami_task_stats" | "hanami_user_task_stats" | "payment_statistics" | "saas_character_interaction_stats" | "v_message_queue_stats"): PostgrestQueryBuilder<...>', gave the following error.
    Argument of type '"mind_blocks"' is not assignable to parameter of type '"available_models" | "saas_learning_progress_overview" | "saas_user_overview" | "hanami_task_stats" | "hanami_user_task_stats" | "payment_statistics" | "saas_character_interaction_stats" | "v_message_queue_stats"'.
src/app/api/check-all-saas-tables/route.ts(55,17): error TS2769: No overload matches this call.
  Overload 1 of 2, '(relation: "ai_messages" | "ai_rooms" | "ai_roles" | "ai_rooms_simple" | "ai_usage" | "role_instances" | "chat_messages" | "chat_threads" | "content_library" | "custom_roles" | "food_transactions" | ... 52 more ... | "user_role_settings"): PostgrestQueryBuilder<...>', gave the following error.
    Argument of type 'string' is not assignable to parameter of type '"ai_messages" | "ai_rooms" | "ai_roles" | "ai_rooms_simple" | "ai_usage" | "role_instances" | "chat_messages" | "chat_threads" | "content_library" | "custom_roles" | "food_transactions" | ... 52 more ... | "user_role_settings"'.
  Overload 2 of 2, '(relation: "available_models" | "saas_learning_progress_overview" | "saas_user_overview" | "hanami_task_stats" | "hanami_user_task_stats" | "payment_statistics" | "saas_character_interaction_stats" | "v_message_queue_stats"): PostgrestQueryBuilder<...>', gave the following error.
    Argument of type 'string' is not assignable to parameter of type '"available_models" | "saas_learning_progress_overview" | "saas_user_overview" | "hanami_task_stats" | "hanami_user_task_stats" | "payment_statistics" | "saas_character_interaction_stats" | "v_message_queue_stats"'.
src/app/api/check-all-saas-tables/route.ts(132,31): error TS7053: Element implicitly has an 'any' type because expression of type 'string' can't be used to index type '{ avatar_url: string | null; created_at: string | null; email: string; full_name: string; id: string; is_verified: boolean | null; last_login: string | null; phone: string | null; subscription_end_date: string | null; ... 7 more ...; verification_method: string | null; }'.
  No index signature with a parameter of type 'string' was found on type '{ avatar_url: string | null; created_at: string | null; email: string; full_name: string; id: string; is_verified: boolean | null; last_login: string | null; phone: string | null; subscription_end_date: string | null; ... 7 more ...; verification_method: string | null; }'.
src/app/api/check-all-saas-tables/route.ts(133,26): error TS7053: Element implicitly has an 'any' type because expression of type 'string' can't be used to index type '{ avatar_url: string | null; created_at: string | null; email: string; full_name: string; id: string; is_verified: boolean | null; last_login: string | null; phone: string | null; subscription_end_date: string | null; ... 7 more ...; verification_method: string | null; }'.
  No index signature with a parameter of type 'string' was found on type '{ avatar_url: string | null; created_at: string | null; email: string; full_name: string; id: string; is_verified: boolean | null; last_login: string | null; phone: string | null; subscription_end_date: string | null; ... 7 more ...; verification_method: string | null; }'.
src/app/api/check-saas-users-structure/route.ts(10,13): error TS2769: No overload matches this call.
  Overload 1 of 2, '(relation: "ai_messages" | "ai_rooms" | "ai_roles" | "ai_rooms_simple" | "ai_usage" | "role_instances" | "chat_messages" | "chat_threads" | "content_library" | "custom_roles" | "food_transactions" | ... 52 more ... | "user_role_settings"): PostgrestQueryBuilder<...>', gave the following error.
    Argument of type '"information_schema.tables"' is not assignable to parameter of type '"ai_messages" | "ai_rooms" | "ai_roles" | "ai_rooms_simple" | "ai_usage" | "role_instances" | "chat_messages" | "chat_threads" | "content_library" | "custom_roles" | "food_transactions" | ... 52 more ... | "user_role_settings"'.
  Overload 2 of 2, '(relation: "available_models" | "saas_learning_progress_overview" | "saas_user_overview" | "hanami_task_stats" | "hanami_user_task_stats" | "payment_statistics" | "saas_character_interaction_stats" | "v_message_queue_stats"): PostgrestQueryBuilder<...>', gave the following error.
    Argument of type '"information_schema.tables"' is not assignable to parameter of type '"available_models" | "saas_learning_progress_overview" | "saas_user_overview" | "hanami_task_stats" | "hanami_user_task_stats" | "payment_statistics" | "saas_character_interaction_stats" | "v_message_queue_stats"'.
src/app/api/check-saas-users-structure/route.ts(26,13): error TS2769: No overload matches this call.
  Overload 1 of 2, '(relation: "ai_messages" | "ai_rooms" | "ai_roles" | "ai_rooms_simple" | "ai_usage" | "role_instances" | "chat_messages" | "chat_threads" | "content_library" | "custom_roles" | "food_transactions" | ... 52 more ... | "user_role_settings"): PostgrestQueryBuilder<...>', gave the following error.
    Argument of type '"information_schema.columns"' is not assignable to parameter of type '"ai_messages" | "ai_rooms" | "ai_roles" | "ai_rooms_simple" | "ai_usage" | "role_instances" | "chat_messages" | "chat_threads" | "content_library" | "custom_roles" | "food_transactions" | ... 52 more ... | "user_role_settings"'.
  Overload 2 of 2, '(relation: "available_models" | "saas_learning_progress_overview" | "saas_user_overview" | "hanami_task_stats" | "hanami_user_task_stats" | "payment_statistics" | "saas_character_interaction_stats" | "v_message_queue_stats"): PostgrestQueryBuilder<...>', gave the following error.
    Argument of type '"information_schema.columns"' is not assignable to parameter of type '"available_models" | "saas_learning_progress_overview" | "saas_user_overview" | "hanami_task_stats" | "hanami_user_task_stats" | "payment_statistics" | "saas_character_interaction_stats" | "v_message_queue_stats"'.
src/app/api/check-saas-users-structure/route.ts(50,13): error TS2769: No overload matches this call.
  Overload 1 of 2, '(relation: "ai_messages" | "ai_rooms" | "ai_roles" | "ai_rooms_simple" | "ai_usage" | "role_instances" | "chat_messages" | "chat_threads" | "content_library" | "custom_roles" | "food_transactions" | ... 52 more ... | "user_role_settings"): PostgrestQueryBuilder<...>', gave the following error.
    Argument of type '"information_schema.table_constraints"' is not assignable to parameter of type '"ai_messages" | "ai_rooms" | "ai_roles" | "ai_rooms_simple" | "ai_usage" | "role_instances" | "chat_messages" | "chat_threads" | "content_library" | "custom_roles" | "food_transactions" | ... 52 more ... | "user_role_settings"'.
  Overload 2 of 2, '(relation: "available_models" | "saas_learning_progress_overview" | "saas_user_overview" | "hanami_task_stats" | "hanami_user_task_stats" | "payment_statistics" | "saas_character_interaction_stats" | "v_message_queue_stats"): PostgrestQueryBuilder<...>', gave the following error.
    Argument of type '"information_schema.table_constraints"' is not assignable to parameter of type '"available_models" | "saas_learning_progress_overview" | "saas_user_overview" | "hanami_task_stats" | "hanami_user_task_stats" | "payment_statistics" | "saas_character_interaction_stats" | "v_message_queue_stats"'.
src/app/api/check-saas-users-structure/route.ts(60,13): error TS2769: No overload matches this call.
  Overload 1 of 2, '(relation: "ai_messages" | "ai_rooms" | "ai_roles" | "ai_rooms_simple" | "ai_usage" | "role_instances" | "chat_messages" | "chat_threads" | "content_library" | "custom_roles" | "food_transactions" | ... 52 more ... | "user_role_settings"): PostgrestQueryBuilder<...>', gave the following error.
    Argument of type '"pg_indexes"' is not assignable to parameter of type '"ai_messages" | "ai_rooms" | "ai_roles" | "ai_rooms_simple" | "ai_usage" | "role_instances" | "chat_messages" | "chat_threads" | "content_library" | "custom_roles" | "food_transactions" | ... 52 more ... | "user_role_settings"'.
  Overload 2 of 2, '(relation: "available_models" | "saas_learning_progress_overview" | "saas_user_overview" | "hanami_task_stats" | "hanami_user_task_stats" | "payment_statistics" | "saas_character_interaction_stats" | "v_message_queue_stats"): PostgrestQueryBuilder<...>', gave the following error.
    Argument of type '"pg_indexes"' is not assignable to parameter of type '"available_models" | "saas_learning_progress_overview" | "saas_user_overview" | "hanami_task_stats" | "hanami_user_task_stats" | "payment_statistics" | "saas_character_interaction_stats" | "v_message_queue_stats"'.
src/app/api/check-saas-users-structure/route.ts(67,13): error TS2769: No overload matches this call.
  Overload 1 of 2, '(relation: "ai_messages" | "ai_rooms" | "ai_roles" | "ai_rooms_simple" | "ai_usage" | "role_instances" | "chat_messages" | "chat_threads" | "content_library" | "custom_roles" | "food_transactions" | ... 52 more ... | "user_role_settings"): PostgrestQueryBuilder<...>', gave the following error.
    Argument of type '"information_schema.triggers"' is not assignable to parameter of type '"ai_messages" | "ai_rooms" | "ai_roles" | "ai_rooms_simple" | "ai_usage" | "role_instances" | "chat_messages" | "chat_threads" | "content_library" | "custom_roles" | "food_transactions" | ... 52 more ... | "user_role_settings"'.
  Overload 2 of 2, '(relation: "available_models" | "saas_learning_progress_overview" | "saas_user_overview" | "hanami_task_stats" | "hanami_user_task_stats" | "payment_statistics" | "saas_character_interaction_stats" | "v_message_queue_stats"): PostgrestQueryBuilder<...>', gave the following error.
    Argument of type '"information_schema.triggers"' is not assignable to parameter of type '"available_models" | "saas_learning_progress_overview" | "saas_user_overview" | "hanami_task_stats" | "hanami_user_task_stats" | "payment_statistics" | "saas_character_interaction_stats" | "v_message_queue_stats"'.
src/app/api/check-saas-users-structure/route.ts(74,13): error TS2769: No overload matches this call.
  Overload 1 of 2, '(relation: "ai_messages" | "ai_rooms" | "ai_roles" | "ai_rooms_simple" | "ai_usage" | "role_instances" | "chat_messages" | "chat_threads" | "content_library" | "custom_roles" | "food_transactions" | ... 52 more ... | "user_role_settings"): PostgrestQueryBuilder<...>', gave the following error.
    Argument of type '"pg_policies"' is not assignable to parameter of type '"ai_messages" | "ai_rooms" | "ai_roles" | "ai_rooms_simple" | "ai_usage" | "role_instances" | "chat_messages" | "chat_threads" | "content_library" | "custom_roles" | "food_transactions" | ... 52 more ... | "user_role_settings"'.
  Overload 2 of 2, '(relation: "available_models" | "saas_learning_progress_overview" | "saas_user_overview" | "hanami_task_stats" | "hanami_user_task_stats" | "payment_statistics" | "saas_character_interaction_stats" | "v_message_queue_stats"): PostgrestQueryBuilder<...>', gave the following error.
    Argument of type '"pg_policies"' is not assignable to parameter of type '"available_models" | "saas_learning_progress_overview" | "saas_user_overview" | "hanami_task_stats" | "hanami_user_task_stats" | "payment_statistics" | "saas_character_interaction_stats" | "v_message_queue_stats"'.
src/app/api/children/check-student-tables/route.ts(29,15): error TS2769: No overload matches this call.
  Overload 1 of 2, '(relation: "ai_messages" | "ai_rooms" | "ai_roles" | "ai_rooms_simple" | "ai_usage" | "role_instances" | "chat_messages" | "chat_threads" | "content_library" | "custom_roles" | "food_transactions" | ... 52 more ... | "user_role_settings"): PostgrestQueryBuilder<...>', gave the following error.
    Argument of type '"hanami_trial_students"' is not assignable to parameter of type '"ai_messages" | "ai_rooms" | "ai_roles" | "ai_rooms_simple" | "ai_usage" | "role_instances" | "chat_messages" | "chat_threads" | "content_library" | "custom_roles" | "food_transactions" | ... 52 more ... | "user_role_settings"'.
  Overload 2 of 2, '(relation: "available_models" | "saas_learning_progress_overview" | "saas_user_overview" | "hanami_task_stats" | "hanami_user_task_stats" | "payment_statistics" | "saas_character_interaction_stats" | "v_message_queue_stats"): PostgrestQueryBuilder<...>', gave the following error.
    Argument of type '"hanami_trial_students"' is not assignable to parameter of type '"available_models" | "saas_learning_progress_overview" | "saas_user_overview" | "hanami_task_stats" | "hanami_user_task_stats" | "payment_statistics" | "saas_character_interaction_stats" | "v_message_queue_stats"'.
src/app/api/children/check-student-tables/route.ts(39,15): error TS2769: No overload matches this call.
  Overload 1 of 2, '(relation: "ai_messages" | "ai_rooms" | "ai_roles" | "ai_rooms_simple" | "ai_usage" | "role_instances" | "chat_messages" | "chat_threads" | "content_library" | "custom_roles" | "food_transactions" | ... 52 more ... | "user_role_settings"): PostgrestQueryBuilder<...>', gave the following error.
    Argument of type '"Hanami_Students"' is not assignable to parameter of type '"ai_messages" | "ai_rooms" | "ai_roles" | "ai_rooms_simple" | "ai_usage" | "role_instances" | "chat_messages" | "chat_threads" | "content_library" | "custom_roles" | "food_transactions" | ... 52 more ... | "user_role_settings"'.
  Overload 2 of 2, '(relation: "available_models" | "saas_learning_progress_overview" | "saas_user_overview" | "hanami_task_stats" | "hanami_user_task_stats" | "payment_statistics" | "saas_character_interaction_stats" | "v_message_queue_stats"): PostgrestQueryBuilder<...>', gave the following error.
    Argument of type '"Hanami_Students"' is not assignable to parameter of type '"available_models" | "saas_learning_progress_overview" | "saas_user_overview" | "hanami_task_stats" | "hanami_user_task_stats" | "payment_statistics" | "saas_character_interaction_stats" | "v_message_queue_stats"'.
src/app/api/children/debug-bound-students/route.ts(26,13): error TS2769: No overload matches this call.
  Overload 1 of 2, '(relation: "ai_messages" | "ai_rooms" | "ai_roles" | "ai_rooms_simple" | "ai_usage" | "role_instances" | "chat_messages" | "chat_threads" | "content_library" | "custom_roles" | "food_transactions" | ... 52 more ... | "user_role_settings"): PostgrestQueryBuilder<...>', gave the following error.
    Argument of type '"hanami_trial_students"' is not assignable to parameter of type '"ai_messages" | "ai_rooms" | "ai_roles" | "ai_rooms_simple" | "ai_usage" | "role_instances" | "chat_messages" | "chat_threads" | "content_library" | "custom_roles" | "food_transactions" | ... 52 more ... | "user_role_settings"'.
  Overload 2 of 2, '(relation: "available_models" | "saas_learning_progress_overview" | "saas_user_overview" | "hanami_task_stats" | "hanami_user_task_stats" | "payment_statistics" | "saas_character_interaction_stats" | "v_message_queue_stats"): PostgrestQueryBuilder<...>', gave the following error.
    Argument of type '"hanami_trial_students"' is not assignable to parameter of type '"available_models" | "saas_learning_progress_overview" | "saas_user_overview" | "hanami_task_stats" | "hanami_user_task_stats" | "payment_statistics" | "saas_character_interaction_stats" | "v_message_queue_stats"'.
src/app/api/children/debug-bound-students/route.ts(34,13): error TS2769: No overload matches this call.
  Overload 1 of 2, '(relation: "ai_messages" | "ai_rooms" | "ai_roles" | "ai_rooms_simple" | "ai_usage" | "role_instances" | "chat_messages" | "chat_threads" | "content_library" | "custom_roles" | "food_transactions" | ... 52 more ... | "user_role_settings"): PostgrestQueryBuilder<...>', gave the following error.
    Argument of type '"Hanami_Students"' is not assignable to parameter of type '"ai_messages" | "ai_rooms" | "ai_roles" | "ai_rooms_simple" | "ai_usage" | "role_instances" | "chat_messages" | "chat_threads" | "content_library" | "custom_roles" | "food_transactions" | ... 52 more ... | "user_role_settings"'.
  Overload 2 of 2, '(relation: "available_models" | "saas_learning_progress_overview" | "saas_user_overview" | "hanami_task_stats" | "hanami_user_task_stats" | "payment_statistics" | "saas_character_interaction_stats" | "v_message_queue_stats"): PostgrestQueryBuilder<...>', gave the following error.
    Argument of type '"Hanami_Students"' is not assignable to parameter of type '"available_models" | "saas_learning_progress_overview" | "saas_user_overview" | "hanami_task_stats" | "hanami_user_task_stats" | "payment_statistics" | "saas_character_interaction_stats" | "v_message_queue_stats"'.
src/app/api/children/debug-bound-students/route.ts(48,15): error TS2769: No overload matches this call.
  Overload 1 of 2, '(relation: "ai_messages" | "ai_rooms" | "ai_roles" | "ai_rooms_simple" | "ai_usage" | "role_instances" | "chat_messages" | "chat_threads" | "content_library" | "custom_roles" | "food_transactions" | ... 52 more ... | "user_role_settings"): PostgrestQueryBuilder<...>', gave the following error.
    Argument of type '"hanami_trial_students"' is not assignable to parameter of type '"ai_messages" | "ai_rooms" | "ai_roles" | "ai_rooms_simple" | "ai_usage" | "role_instances" | "chat_messages" | "chat_threads" | "content_library" | "custom_roles" | "food_transactions" | ... 52 more ... | "user_role_settings"'.
  Overload 2 of 2, '(relation: "available_models" | "saas_learning_progress_overview" | "saas_user_overview" | "hanami_task_stats" | "hanami_user_task_stats" | "payment_statistics" | "saas_character_interaction_stats" | "v_message_queue_stats"): PostgrestQueryBuilder<...>', gave the following error.
    Argument of type '"hanami_trial_students"' is not assignable to parameter of type '"available_models" | "saas_learning_progress_overview" | "saas_user_overview" | "hanami_task_stats" | "hanami_user_task_stats" | "payment_statistics" | "saas_character_interaction_stats" | "v_message_queue_stats"'.
src/app/api/children/debug-bound-students/route.ts(54,15): error TS2769: No overload matches this call.
  Overload 1 of 2, '(relation: "ai_messages" | "ai_rooms" | "ai_roles" | "ai_rooms_simple" | "ai_usage" | "role_instances" | "chat_messages" | "chat_threads" | "content_library" | "custom_roles" | "food_transactions" | ... 52 more ... | "user_role_settings"): PostgrestQueryBuilder<...>', gave the following error.
    Argument of type '"Hanami_Students"' is not assignable to parameter of type '"ai_messages" | "ai_rooms" | "ai_roles" | "ai_rooms_simple" | "ai_usage" | "role_instances" | "chat_messages" | "chat_threads" | "content_library" | "custom_roles" | "food_transactions" | ... 52 more ... | "user_role_settings"'.
  Overload 2 of 2, '(relation: "available_models" | "saas_learning_progress_overview" | "saas_user_overview" | "hanami_task_stats" | "hanami_user_task_stats" | "payment_statistics" | "saas_character_interaction_stats" | "v_message_queue_stats"): PostgrestQueryBuilder<...>', gave the following error.
    Argument of type '"Hanami_Students"' is not assignable to parameter of type '"available_models" | "saas_learning_progress_overview" | "saas_user_overview" | "hanami_task_stats" | "hanami_user_task_stats" | "payment_statistics" | "saas_character_interaction_stats" | "v_message_queue_stats"'.
src/app/api/children/full-debug/route.ts(25,13): error TS2769: No overload matches this call.
  Overload 1 of 2, '(relation: "ai_messages" | "ai_rooms" | "ai_roles" | "ai_rooms_simple" | "ai_usage" | "role_instances" | "chat_messages" | "chat_threads" | "content_library" | "custom_roles" | "food_transactions" | ... 52 more ... | "user_role_settings"): PostgrestQueryBuilder<...>', gave the following error.
    Argument of type '"information_schema.columns"' is not assignable to parameter of type '"ai_messages" | "ai_rooms" | "ai_roles" | "ai_rooms_simple" | "ai_usage" | "role_instances" | "chat_messages" | "chat_threads" | "content_library" | "custom_roles" | "food_transactions" | ... 52 more ... | "user_role_settings"'.
  Overload 2 of 2, '(relation: "available_models" | "saas_learning_progress_overview" | "saas_user_overview" | "hanami_task_stats" | "hanami_user_task_stats" | "payment_statistics" | "saas_character_interaction_stats" | "v_message_queue_stats"): PostgrestQueryBuilder<...>', gave the following error.
    Argument of type '"information_schema.columns"' is not assignable to parameter of type '"available_models" | "saas_learning_progress_overview" | "saas_user_overview" | "hanami_task_stats" | "hanami_user_task_stats" | "payment_statistics" | "saas_character_interaction_stats" | "v_message_queue_stats"'.
src/app/api/children/full-debug/route.ts(33,13): error TS2769: No overload matches this call.
  Overload 1 of 2, '(relation: "ai_messages" | "ai_rooms" | "ai_roles" | "ai_rooms_simple" | "ai_usage" | "role_instances" | "chat_messages" | "chat_threads" | "content_library" | "custom_roles" | "food_transactions" | ... 52 more ... | "user_role_settings"): PostgrestQueryBuilder<...>', gave the following error.
    Argument of type '"pg_tables"' is not assignable to parameter of type '"ai_messages" | "ai_rooms" | "ai_roles" | "ai_rooms_simple" | "ai_usage" | "role_instances" | "chat_messages" | "chat_threads" | "content_library" | "custom_roles" | "food_transactions" | ... 52 more ... | "user_role_settings"'.
  Overload 2 of 2, '(relation: "available_models" | "saas_learning_progress_overview" | "saas_user_overview" | "hanami_task_stats" | "hanami_user_task_stats" | "payment_statistics" | "saas_character_interaction_stats" | "v_message_queue_stats"): PostgrestQueryBuilder<...>', gave the following error.
    Argument of type '"pg_tables"' is not assignable to parameter of type '"available_models" | "saas_learning_progress_overview" | "saas_user_overview" | "hanami_task_stats" | "hanami_user_task_stats" | "payment_statistics" | "saas_character_interaction_stats" | "v_message_queue_stats"'.
src/app/api/children/load-bound-students/route.ts(50,13): error TS2769: No overload matches this call.
  Overload 1 of 2, '(relation: "ai_messages" | "ai_rooms" | "ai_roles" | "ai_rooms_simple" | "ai_usage" | "role_instances" | "chat_messages" | "chat_threads" | "content_library" | "custom_roles" | "food_transactions" | ... 52 more ... | "user_role_settings"): PostgrestQueryBuilder<...>', gave the following error.
    Argument of type '"hanami_trial_students"' is not assignable to parameter of type '"ai_messages" | "ai_rooms" | "ai_roles" | "ai_rooms_simple" | "ai_usage" | "role_instances" | "chat_messages" | "chat_threads" | "content_library" | "custom_roles" | "food_transactions" | ... 52 more ... | "user_role_settings"'.
  Overload 2 of 2, '(relation: "available_models" | "saas_learning_progress_overview" | "saas_user_overview" | "hanami_task_stats" | "hanami_user_task_stats" | "payment_statistics" | "saas_character_interaction_stats" | "v_message_queue_stats"): PostgrestQueryBuilder<...>', gave the following error.
    Argument of type '"hanami_trial_students"' is not assignable to parameter of type '"available_models" | "saas_learning_progress_overview" | "saas_user_overview" | "hanami_task_stats" | "hanami_user_task_stats" | "payment_statistics" | "saas_character_interaction_stats" | "v_message_queue_stats"'.
src/app/api/children/load-bound-students/route.ts(56,13): error TS2769: No overload matches this call.
  Overload 1 of 2, '(relation: "ai_messages" | "ai_rooms" | "ai_roles" | "ai_rooms_simple" | "ai_usage" | "role_instances" | "chat_messages" | "chat_threads" | "content_library" | "custom_roles" | "food_transactions" | ... 52 more ... | "user_role_settings"): PostgrestQueryBuilder<...>', gave the following error.
    Argument of type '"Hanami_Students"' is not assignable to parameter of type '"ai_messages" | "ai_rooms" | "ai_roles" | "ai_rooms_simple" | "ai_usage" | "role_instances" | "chat_messages" | "chat_threads" | "content_library" | "custom_roles" | "food_transactions" | ... 52 more ... | "user_role_settings"'.
  Overload 2 of 2, '(relation: "available_models" | "saas_learning_progress_overview" | "saas_user_overview" | "hanami_task_stats" | "hanami_user_task_stats" | "payment_statistics" | "saas_character_interaction_stats" | "v_message_queue_stats"): PostgrestQueryBuilder<...>', gave the following error.
    Argument of type '"Hanami_Students"' is not assignable to parameter of type '"available_models" | "saas_learning_progress_overview" | "saas_user_overview" | "hanami_task_stats" | "hanami_user_task_stats" | "payment_statistics" | "saas_character_interaction_stats" | "v_message_queue_stats"'.
src/app/api/children/load-existing/route.ts(20,15): error TS2769: No overload matches this call.
  Overload 1 of 2, '(relation: "ai_messages" | "ai_rooms" | "ai_roles" | "ai_rooms_simple" | "ai_usage" | "role_instances" | "chat_messages" | "chat_threads" | "content_library" | "custom_roles" | "food_transactions" | ... 52 more ... | "user_role_settings"): PostgrestQueryBuilder<...>', gave the following error.
    Argument of type '"hanami_trial_students"' is not assignable to parameter of type '"ai_messages" | "ai_rooms" | "ai_roles" | "ai_rooms_simple" | "ai_usage" | "role_instances" | "chat_messages" | "chat_threads" | "content_library" | "custom_roles" | "food_transactions" | ... 52 more ... | "user_role_settings"'.
  Overload 2 of 2, '(relation: "available_models" | "saas_learning_progress_overview" | "saas_user_overview" | "hanami_task_stats" | "hanami_user_task_stats" | "payment_statistics" | "saas_character_interaction_stats" | "v_message_queue_stats"): PostgrestQueryBuilder<...>', gave the following error.
    Argument of type '"hanami_trial_students"' is not assignable to parameter of type '"available_models" | "saas_learning_progress_overview" | "saas_user_overview" | "hanami_task_stats" | "hanami_user_task_stats" | "payment_statistics" | "saas_character_interaction_stats" | "v_message_queue_stats"'.
src/app/api/children/load-existing/route.ts(25,15): error TS2769: No overload matches this call.
  Overload 1 of 2, '(relation: "ai_messages" | "ai_rooms" | "ai_roles" | "ai_rooms_simple" | "ai_usage" | "role_instances" | "chat_messages" | "chat_threads" | "content_library" | "custom_roles" | "food_transactions" | ... 52 more ... | "user_role_settings"): PostgrestQueryBuilder<...>', gave the following error.
    Argument of type '"Hanami_Students"' is not assignable to parameter of type '"ai_messages" | "ai_rooms" | "ai_roles" | "ai_rooms_simple" | "ai_usage" | "role_instances" | "chat_messages" | "chat_threads" | "content_library" | "custom_roles" | "food_transactions" | ... 52 more ... | "user_role_settings"'.
  Overload 2 of 2, '(relation: "available_models" | "saas_learning_progress_overview" | "saas_user_overview" | "hanami_task_stats" | "hanami_user_task_stats" | "payment_statistics" | "saas_character_interaction_stats" | "v_message_queue_stats"): PostgrestQueryBuilder<...>', gave the following error.
    Argument of type '"Hanami_Students"' is not assignable to parameter of type '"available_models" | "saas_learning_progress_overview" | "saas_user_overview" | "hanami_task_stats" | "hanami_user_task_stats" | "payment_statistics" | "saas_character_interaction_stats" | "v_message_queue_stats"'.
src/app/api/children/test-bound-students/route.ts(32,13): error TS2769: No overload matches this call.
  Overload 1 of 2, '(relation: "ai_messages" | "ai_rooms" | "ai_roles" | "ai_rooms_simple" | "ai_usage" | "role_instances" | "chat_messages" | "chat_threads" | "content_library" | "custom_roles" | "food_transactions" | ... 52 more ... | "user_role_settings"): PostgrestQueryBuilder<...>', gave the following error.
    Argument of type '"hanami_trial_students"' is not assignable to parameter of type '"ai_messages" | "ai_rooms" | "ai_roles" | "ai_rooms_simple" | "ai_usage" | "role_instances" | "chat_messages" | "chat_threads" | "content_library" | "custom_roles" | "food_transactions" | ... 52 more ... | "user_role_settings"'.
  Overload 2 of 2, '(relation: "available_models" | "saas_learning_progress_overview" | "saas_user_overview" | "hanami_task_stats" | "hanami_user_task_stats" | "payment_statistics" | "saas_character_interaction_stats" | "v_message_queue_stats"): PostgrestQueryBuilder<...>', gave the following error.
    Argument of type '"hanami_trial_students"' is not assignable to parameter of type '"available_models" | "saas_learning_progress_overview" | "saas_user_overview" | "hanami_task_stats" | "hanami_user_task_stats" | "payment_statistics" | "saas_character_interaction_stats" | "v_message_queue_stats"'.
src/app/api/children/test-bound-students/route.ts(38,13): error TS2769: No overload matches this call.
  Overload 1 of 2, '(relation: "ai_messages" | "ai_rooms" | "ai_roles" | "ai_rooms_simple" | "ai_usage" | "role_instances" | "chat_messages" | "chat_threads" | "content_library" | "custom_roles" | "food_transactions" | ... 52 more ... | "user_role_settings"): PostgrestQueryBuilder<...>', gave the following error.
    Argument of type '"Hanami_Students"' is not assignable to parameter of type '"ai_messages" | "ai_rooms" | "ai_roles" | "ai_rooms_simple" | "ai_usage" | "role_instances" | "chat_messages" | "chat_threads" | "content_library" | "custom_roles" | "food_transactions" | ... 52 more ... | "user_role_settings"'.
  Overload 2 of 2, '(relation: "available_models" | "saas_learning_progress_overview" | "saas_user_overview" | "hanami_task_stats" | "hanami_user_task_stats" | "payment_statistics" | "saas_character_interaction_stats" | "v_message_queue_stats"): PostgrestQueryBuilder<...>', gave the following error.
    Argument of type '"Hanami_Students"' is not assignable to parameter of type '"available_models" | "saas_learning_progress_overview" | "saas_user_overview" | "hanami_task_stats" | "hanami_user_task_stats" | "payment_statistics" | "saas_character_interaction_stats" | "v_message_queue_stats"'.
src/app/api/setup-hanamiecho-database/route.ts(270,48): error TS2345: Argument of type '"exec_sql"' is not assignable to parameter of type '"calculate_food_cost" | "check_age_access" | "check_rls_status" | "check_room_access" | "check_room_admin" | "check_usage_limit" | "cleanup_orphaned_message_costs" | "create_room_with_member" | ... 34 more ... | "validate_promo_code_unified"'.
src/app/api/tasks/stats/route.ts(80,13): error TS2769: No overload matches this call.
  Overload 1 of 2, '(relation: "ai_messages" | "ai_rooms" | "ai_roles" | "ai_rooms_simple" | "ai_usage" | "role_instances" | "chat_messages" | "chat_threads" | "content_library" | "custom_roles" | "food_transactions" | ... 52 more ... | "user_role_settings"): PostgrestQueryBuilder<...>', gave the following error.
    Argument of type '"hanami_employee"' is not assignable to parameter of type '"ai_messages" | "ai_rooms" | "ai_roles" | "ai_rooms_simple" | "ai_usage" | "role_instances" | "chat_messages" | "chat_threads" | "content_library" | "custom_roles" | "food_transactions" | ... 52 more ... | "user_role_settings"'.
  Overload 2 of 2, '(relation: "available_models" | "saas_learning_progress_overview" | "saas_user_overview" | "hanami_task_stats" | "hanami_user_task_stats" | "payment_statistics" | "saas_character_interaction_stats" | "v_message_queue_stats"): PostgrestQueryBuilder<...>', gave the following error.
    Argument of type '"hanami_employee"' is not assignable to parameter of type '"available_models" | "saas_learning_progress_overview" | "saas_user_overview" | "hanami_task_stats" | "hanami_user_task_stats" | "payment_statistics" | "saas_character_interaction_stats" | "v_message_queue_stats"'.
src/app/api/tasks/templates/route.ts(12,19): error TS2769: No overload matches this call.
  Overload 1 of 2, '(relation: "ai_messages" | "ai_rooms" | "ai_roles" | "ai_rooms_simple" | "ai_usage" | "role_instances" | "chat_messages" | "chat_threads" | "content_library" | "custom_roles" | "food_transactions" | ... 52 more ... | "user_role_settings"): PostgrestQueryBuilder<...>', gave the following error.
    Argument of type '"hanami_task_templates"' is not assignable to parameter of type '"ai_messages" | "ai_rooms" | "ai_roles" | "ai_rooms_simple" | "ai_usage" | "role_instances" | "chat_messages" | "chat_threads" | "content_library" | "custom_roles" | "food_transactions" | ... 52 more ... | "user_role_settings"'.
  Overload 2 of 2, '(relation: "available_models" | "saas_learning_progress_overview" | "saas_user_overview" | "hanami_task_stats" | "hanami_user_task_stats" | "payment_statistics" | "saas_character_interaction_stats" | "v_message_queue_stats"): PostgrestQueryBuilder<...>', gave the following error.
    Argument of type '"hanami_task_templates"' is not assignable to parameter of type '"available_models" | "saas_learning_progress_overview" | "saas_user_overview" | "hanami_task_stats" | "hanami_user_task_stats" | "payment_statistics" | "saas_character_interaction_stats" | "v_message_queue_stats"'.
src/app/api/tasks/templates/route.ts(41,19): error TS2769: No overload matches this call.
  Overload 1 of 2, '(relation: "ai_messages" | "ai_rooms" | "ai_roles" | "ai_rooms_simple" | "ai_usage" | "role_instances" | "chat_messages" | "chat_threads" | "content_library" | "custom_roles" | "food_transactions" | ... 52 more ... | "user_role_settings"): PostgrestQueryBuilder<...>', gave the following error.
    Argument of type '"hanami_task_templates"' is not assignable to parameter of type '"ai_messages" | "ai_rooms" | "ai_roles" | "ai_rooms_simple" | "ai_usage" | "role_instances" | "chat_messages" | "chat_threads" | "content_library" | "custom_roles" | "food_transactions" | ... 52 more ... | "user_role_settings"'.
  Overload 2 of 2, '(relation: "available_models" | "saas_learning_progress_overview" | "saas_user_overview" | "hanami_task_stats" | "hanami_user_task_stats" | "payment_statistics" | "saas_character_interaction_stats" | "v_message_queue_stats"): PostgrestQueryBuilder<...>', gave the following error.
    Argument of type '"hanami_task_templates"' is not assignable to parameter of type '"available_models" | "saas_learning_progress_overview" | "saas_user_overview" | "hanami_task_stats" | "hanami_user_task_stats" | "payment_statistics" | "saas_character_interaction_stats" | "v_message_queue_stats"'.
src/app/api/tasks/templates/route.ts(77,19): error TS2769: No overload matches this call.
  Overload 1 of 2, '(relation: "ai_messages" | "ai_rooms" | "ai_roles" | "ai_rooms_simple" | "ai_usage" | "role_instances" | "chat_messages" | "chat_threads" | "content_library" | "custom_roles" | "food_transactions" | ... 52 more ... | "user_role_settings"): PostgrestQueryBuilder<...>', gave the following error.
    Argument of type '"hanami_task_templates"' is not assignable to parameter of type '"ai_messages" | "ai_rooms" | "ai_roles" | "ai_rooms_simple" | "ai_usage" | "role_instances" | "chat_messages" | "chat_threads" | "content_library" | "custom_roles" | "food_transactions" | ... 52 more ... | "user_role_settings"'.
  Overload 2 of 2, '(relation: "available_models" | "saas_learning_progress_overview" | "saas_user_overview" | "hanami_task_stats" | "hanami_user_task_stats" | "payment_statistics" | "saas_character_interaction_stats" | "v_message_queue_stats"): PostgrestQueryBuilder<...>', gave the following error.
    Argument of type '"hanami_task_templates"' is not assignable to parameter of type '"available_models" | "saas_learning_progress_overview" | "saas_user_overview" | "hanami_task_stats" | "hanami_user_task_stats" | "payment_statistics" | "saas_character_interaction_stats" | "v_message_queue_stats"'.
src/app/api/tasks/templates/route.ts(112,19): error TS2769: No overload matches this call.
  Overload 1 of 2, '(relation: "ai_messages" | "ai_rooms" | "ai_roles" | "ai_rooms_simple" | "ai_usage" | "role_instances" | "chat_messages" | "chat_threads" | "content_library" | "custom_roles" | "food_transactions" | ... 52 more ... | "user_role_settings"): PostgrestQueryBuilder<...>', gave the following error.
    Argument of type '"hanami_task_templates"' is not assignable to parameter of type '"ai_messages" | "ai_rooms" | "ai_roles" | "ai_rooms_simple" | "ai_usage" | "role_instances" | "chat_messages" | "chat_threads" | "content_library" | "custom_roles" | "food_transactions" | ... 52 more ... | "user_role_settings"'.
  Overload 2 of 2, '(relation: "available_models" | "saas_learning_progress_overview" | "saas_user_overview" | "hanami_task_stats" | "hanami_user_task_stats" | "payment_statistics" | "saas_character_interaction_stats" | "v_message_queue_stats"): PostgrestQueryBuilder<...>', gave the following error.
    Argument of type '"hanami_task_templates"' is not assignable to parameter of type '"available_models" | "saas_learning_progress_overview" | "saas_user_overview" | "hanami_task_stats" | "hanami_user_task_stats" | "payment_statistics" | "saas_character_interaction_stats" | "v_message_queue_stats"'.
src/components/ui/MultiCourseScheduleManagementPanel.tsx(613,23): error TS2345: Argument of type 'unknown[]' is not assignable to parameter of type 'readonly string[]'.
  Type 'unknown' is not assignable to type 'string'.
src/hooks/useHanamiEcho.ts(100,22): error TS2345: Argument of type '{ created_at: string | null; current_balance: number | null; daily_usage: number | null; id: string; last_monthly_reset: string | null; monthly_allowance: number | null; monthly_usage: number | null; ... 4 more ...; weekly_usage: number | null; }' is not assignable to parameter of type 'SetStateAction<UserFoodBalance | null>'.
  Type '{ created_at: string | null; current_balance: number | null; daily_usage: number | null; id: string; last_monthly_reset: string | null; monthly_allowance: number | null; monthly_usage: number | null; ... 4 more ...; weekly_usage: number | null; }' is not assignable to type 'UserFoodBalance'.
    Types of property 'current_balance' are incompatible.
      Type 'number | null' is not assignable to type 'number'.
        Type 'null' is not assignable to type 'number'.
src/hooks/useHanamiEcho.ts(132,22): error TS2345: Argument of type '{ created_at: string | null; current_balance: number | null; daily_usage: number | null; id: string; last_monthly_reset: string | null; monthly_allowance: number | null; monthly_usage: number | null; ... 4 more ...; weekly_usage: number | null; }' is not assignable to parameter of type 'SetStateAction<UserFoodBalance | null>'.
  Type '{ created_at: string | null; current_balance: number | null; daily_usage: number | null; id: string; last_monthly_reset: string | null; monthly_allowance: number | null; monthly_usage: number | null; ... 4 more ...; weekly_usage: number | null; }' is not assignable to type 'UserFoodBalance'.
    Types of property 'current_balance' are incompatible.
      Type 'number | null' is not assignable to type 'number'.
        Type 'null' is not assignable to type 'number'.
src/hooks/useHanamiEcho.ts(151,29): error TS2345: Argument of type '{ amount: number; balance_after: number; created_at: string | null; description: string | null; id: string; message_id: string | null; thread_id: string | null; transaction_type: string; user_id: string; }[]' is not assignable to parameter of type 'SetStateAction<FoodTransaction[]>'.
  Type '{ amount: number; balance_after: number; created_at: string | null; description: string | null; id: string; message_id: string | null; thread_id: string | null; transaction_type: string; user_id: string; }[]' is not assignable to type 'FoodTransaction[]'.
    Type '{ amount: number; balance_after: number; created_at: string | null; description: string | null; id: string; message_id: string | null; thread_id: string | null; transaction_type: string; user_id: string; }' is not assignable to type 'FoodTransaction'.
      Types of property 'message_id' are incompatible.
        Type 'string | null' is not assignable to type 'string | undefined'.
          Type 'null' is not assignable to type 'string | undefined'.
src/lib/typeValidation.ts(110,13): error TS2769: No overload matches this call.
  Overload 1 of 2, '(relation: "ai_messages" | "ai_rooms" | "ai_roles" | "ai_rooms_simple" | "ai_usage" | "role_instances" | "chat_messages" | "chat_threads" | "content_library" | "custom_roles" | "food_transactions" | ... 52 more ... | "user_role_settings"): PostgrestQueryBuilder<...>', gave the following error.
    Argument of type 'string' is not assignable to parameter of type '"ai_messages" | "ai_rooms" | "ai_roles" | "ai_rooms_simple" | "ai_usage" | "role_instances" | "chat_messages" | "chat_threads" | "content_library" | "custom_roles" | "food_transactions" | ... 52 more ... | "user_role_settings"'.
  Overload 2 of 2, '(relation: "available_models" | "saas_learning_progress_overview" | "saas_user_overview" | "hanami_task_stats" | "hanami_user_task_stats" | "payment_statistics" | "saas_character_interaction_stats" | "v_message_queue_stats"): PostgrestQueryBuilder<...>', gave the following error.
    Argument of type 'string' is not assignable to parameter of type '"available_models" | "saas_learning_progress_overview" | "saas_user_overview" | "hanami_task_stats" | "hanami_user_task_stats" | "payment_statistics" | "saas_character_interaction_stats" | "v_message_queue_stats"'.
src/lib/typeValidation.ts(125,71): error TS2345: Argument of type '"get_table_columns"' is not assignable to parameter of type '"calculate_food_cost" | "check_age_access" | "check_rls_status" | "check_room_access" | "check_room_admin" | "check_usage_limit" | "cleanup_orphaned_message_costs" | "create_room_with_member" | ... 34 more ... | "validate_promo_code_unified"'.
src/lib/typeValidation.ts(286,15): error TS2769: No overload matches this call.
  Overload 1 of 2, '(relation: "ai_messages" | "ai_rooms" | "ai_roles" | "ai_rooms_simple" | "ai_usage" | "role_instances" | "chat_messages" | "chat_threads" | "content_library" | "custom_roles" | "food_transactions" | ... 52 more ... | "user_role_settings"): PostgrestQueryBuilder<...>', gave the following error.
    Argument of type 'DatabaseTable' is not assignable to parameter of type '"ai_messages" | "ai_rooms" | "ai_roles" | "ai_rooms_simple" | "ai_usage" | "role_instances" | "chat_messages" | "chat_threads" | "content_library" | "custom_roles" | "food_transactions" | ... 52 more ... | "user_role_settings"'.
  Overload 2 of 2, '(relation: "available_models" | "saas_learning_progress_overview" | "saas_user_overview" | "hanami_task_stats" | "hanami_user_task_stats" | "payment_statistics" | "saas_character_interaction_stats" | "v_message_queue_stats"): PostgrestQueryBuilder<...>', gave the following error.
    Argument of type 'DatabaseTable' is not assignable to parameter of type '"available_models" | "saas_learning_progress_overview" | "saas_user_overview" | "hanami_task_stats" | "hanami_user_task_stats" | "payment_statistics" | "saas_character_interaction_stats" | "v_message_queue_stats"'.
